{
  "magic" : 809913427,
  "version" : 10,
  "root" : {
    "sectionType" : 0,
    "timeStartedRecording" : 576862969.36746395,
    "subtitle" : "",
    "timeStoppedRecording" : 576863007.23549998,
    "messages" : [

    ],
    "wasFetchedFromCache" : 0,
    "title" : "Test iOSResultBundleApp",
    "isQuiet" : 0,
    "signature" : "Test iOSResultBundleApp",
    "recorder" : "com.apple.dt.unit.cocoaUnitTest",
    "text" : "",
    "location" : {

    },
    "commandDetailDesc" : "",
    "uniqueIdentifier" : "65C73309-2B5E-4DC7-B6CA-A303055B16A1",
    "localizedResultString" : "",
    "wasCancelled" : 0,
    "subsections" : [
      {
        "testName" : "",
        "durationString" : "",
        "testsPassedString" : "",
        "location" : {

        },
        "title" : "Test target iOSResultBundleAppTests",
        "summaryString" : "",
        "wasFetchedFromCache" : 0,
        "messages" : [

        ],
        "performanceTestOutputString" : "",
        "subsections" : [
          {
            "testName" : "",
            "durationString" : "0.357 seconds",
            "testsPassedString" : "2 out of 3 tests passed",
            "location" : {

            },
            "title" : "iOSResultBundleApp.app (1635)",
            "summaryString" : "",
            "wasFetchedFromCache" : 0,
            "messages" : [

            ],
            "performanceTestOutputString" : "",
            "subsections" : [
              {
                "testName" : "",
                "durationString" : "",
                "testsPassedString" : "",
                "location" : {

                },
                "title" : "com.apple.dt.XCTest.Metadata",
                "summaryString" : "",
                "wasFetchedFromCache" : 0,
                "messages" : [
                  {
                    "location" : {

                    },
                    "secondaryLocations" : [

                    ],
                    "shortTitle" : "",
                    "submessages" : [

                    ],
                    "timeEmitted" : 576862975,
                    "title" : "\/Users\/rd\/Library\/Developer\/Xcode\/DerivedData\/iOSResultBundleApp-avrbejipqyqxzwdnyivtxkfpzkgf\/Build\/Products\/Debug-iphonesimulator\/iOSResultBundleApp.app",
                    "categoryIdent" : "",
                    "type" : "com.apple.dt.IDE.UnitTestLogSection.Worker.RunnablePath",
                    "severity" : 0,
                    "additionalDescription" : "",
                    "rangeInSectionText" : [
                      -1,
                      0
                    ]
                  },
                  {
                    "location" : {

                    },
                    "secondaryLocations" : [

                    ],
                    "shortTitle" : "",
                    "submessages" : [

                    ],
                    "timeEmitted" : 576862975,
                    "title" : "com.apple.application-bundle",
                    "categoryIdent" : "",
                    "type" : "com.apple.dt.IDE.UnitTestLogSection.Worker.RunnableUTI",
                    "severity" : 0,
                    "additionalDescription" : "",
                    "rangeInSectionText" : [
                      -1,
                      0
                    ]
                  }
                ],
                "performanceTestOutputString" : "",
                "subsections" : [

                ],
                "uniqueIdentifier" : "1E2997AC-C2A5-43BD-8777-3BFD50A755E4",
                "timeStartedRecording" : 576862975.93502796,
                "commandDetailDesc" : "",
                "localizedResultString" : "",
                "timeStoppedRecording" : 576862975.93666601,
                "signature" : "com.apple.dt.XCTest.Metadata",
                "xcbuildSignature" : "",
                "suiteName" : "",
                "wasCancelled" : 0,
                "subtitle" : "",
                "sectionType" : 3,
                "recorder" : "com.apple.dt.IDE.UnitTestLogSection",
                "text" : "",
                "isQuiet" : 1
              },
              {
                "sectionType" : 2,
                "timeStartedRecording" : 576862975.93509603,
                "subtitle" : "",
                "timeStoppedRecording" : 576862975.93684804,
                "messages" : [
                  {
                    "location" : {
                      "startingColumnNumber" : -1,
                      "endingColumnNumber" : -1,
                      "documentURLString" : "file:\/\/\/Users\/rd\/Library\/Developer\/Xcode\/DerivedData\/SWXCResult-apuazgjgbifzbjbkyxuybgjqduvu\/Build\/Products\/Debug\/CleanAnalyzeTest.result\/3_Test\/Diagnostics\/iOSResultBundleAppTests-75BB329A-C3F7-4AF5-B7A9-F7E3DA39B451\/iOSResultBundleAppTests-D4EA94A2-8D2E-47BE-A1FF-008CC8445DC8\/Session-iOSResultBundleAppTests-2019-04-13_164252-myBKYW.log",
                      "characterRange" : [
                        -1,
                        0
                      ],
                      "endingLineNumber" : -1,
                      "timestamp" : 0,
                      "startingLineNumber" : -1,
                      "locationEncoding" : 0
                    },
                    "secondaryLocations" : [

                    ],
                    "shortTitle" : "",
                    "submessages" : [

                    ],
                    "timeEmitted" : 576862975,
                    "title" : "\/Users\/rd\/Library\/Developer\/Xcode\/DerivedData\/SWXCResult-apuazgjgbifzbjbkyxuybgjqduvu\/Build\/Products\/Debug\/CleanAnalyzeTest.result\/3_Test\/Diagnostics\/iOSResultBundleAppTests-75BB329A-C3F7-4AF5-B7A9-F7E3DA39B451\/iOSResultBundleAppTests-D4EA94A2-8D2E-47BE-A1FF-008CC8445DC8\/Session-iOSResultBundleAppTests-2019-04-13_164252-myBKYW.log",
                    "categoryIdent" : "",
                    "type" : "com.apple.dt.unit.cocoaUnitTest",
                    "severity" : 0,
                    "additionalDescription" : "",
                    "rangeInSectionText" : [
                      -1,
                      0
                    ]
                  }
                ],
                "wasFetchedFromCache" : 0,
                "title" : "Writing diagnostic log for test session. Please attach this log to any test-related bug reports.",
                "isQuiet" : 0,
                "signature" : "Writing diagnostic log for test session. Please attach this log to any test-related bug reports.",
                "recorder" : "com.apple.dt.IDE.UnitTestLogSection",
                "text" : "",
                "location" : {

                },
                "commandDetailDesc" : "\/Users\/rd\/Library\/Developer\/Xcode\/DerivedData\/SWXCResult-apuazgjgbifzbjbkyxuybgjqduvu\/Build\/Products\/Debug\/CleanAnalyzeTest.result\/3_Test\/Diagnostics\/iOSResultBundleAppTests-75BB329A-C3F7-4AF5-B7A9-F7E3DA39B451\/iOSResultBundleAppTests-D4EA94A2-8D2E-47BE-A1FF-008CC8445DC8\/Session-iOSResultBundleAppTests-2019-04-13_164252-myBKYW.log",
                "uniqueIdentifier" : "AC42FD23-E5BF-456E-91C6-2144EA87E14A",
                "localizedResultString" : "",
                "wasCancelled" : 0,
                "subsections" : [

                ],
                "xcbuildSignature" : ""
              },
              {
                "testName" : "",
                "durationString" : "0.357 seconds",
                "testsPassedString" : "2 out of 3 tests passed",
                "location" : {

                },
                "title" : "Run test suite All tests",
                "summaryString" : "Test Suite 'All tests' failed at 2019-04-13 16:43:08.391.\r\t Executed 3 tests, with 1 failure (0 unexpected) in 0.357 (0.360) seconds\r",
                "wasFetchedFromCache" : 0,
                "messages" : [

                ],
                "performanceTestOutputString" : "",
                "subsections" : [
                  {
                    "testName" : "",
                    "durationString" : "0.357 seconds",
                    "testsPassedString" : "2 out of 3 tests passed",
                    "location" : {

                    },
                    "title" : "Run test suite iOSResultBundleAppTests.xctest",
                    "summaryString" : "Test Suite 'iOSResultBundleAppTests.xctest' failed at 2019-04-13 16:43:08.391.\r\t Executed 3 tests, with 1 failure (0 unexpected) in 0.357 (0.359) seconds\r",
                    "wasFetchedFromCache" : 0,
                    "messages" : [

                    ],
                    "performanceTestOutputString" : "",
                    "subsections" : [
                      {
                        "testName" : "",
                        "durationString" : "0.357 seconds",
                        "testsPassedString" : "2 out of 3 tests passed",
                        "location" : {

                        },
                        "title" : "Run test suite iOSResultBundleAppTests",
                        "summaryString" : "Test Suite 'iOSResultBundleAppTests' failed at 2019-04-13 16:43:08.390.\r\t Executed 3 tests, with 1 failure (0 unexpected) in 0.357 (0.358) seconds\r",
                        "wasFetchedFromCache" : 0,
                        "messages" : [

                        ],
                        "performanceTestOutputString" : "",
                        "subsections" : [
                          {
                            "testName" : "testFail()",
                            "durationString" : "0.006 seconds",
                            "testsPassedString" : "",
                            "location" : {

                            },
                            "title" : "Run test case testFail()",
                            "summaryString" : "Test Case '-[iOSResultBundleAppTests.iOSResultBundleAppTests testFail]' failed (0.006 seconds).\r",
                            "wasFetchedFromCache" : 0,
                            "messages" : [
                              {
                                "location" : {
                                  "startingColumnNumber" : -1,
                                  "endingColumnNumber" : -1,
                                  "documentURLString" : "file:\/\/\/Users\/rd\/r\/swift-xcresult\/iOSResultBundleApp\/iOSResultBundleAppTests\/iOSResultBundleAppTests.swift",
                                  "characterRange" : [
                                    -1,
                                    0
                                  ],
                                  "endingLineNumber" : 30,
                                  "timestamp" : 0,
                                  "startingLineNumber" : 30,
                                  "locationEncoding" : 0
                                },
                                "secondaryLocations" : [

                                ],
                                "shortTitle" : "",
                                "submessages" : [

                                ],
                                "timeEmitted" : 576862988,
                                "title" : "XCTAssertTrue failed",
                                "categoryIdent" : "",
                                "type" : "",
                                "severity" : 3,
                                "additionalDescription" : "",
                                "rangeInSectionText" : [
                                  -1,
                                  0
                                ]
                              }
                            ],
                            "performanceTestOutputString" : "",
                            "subsections" : [

                            ],
                            "uniqueIdentifier" : "5A999F60-503E-44F2-AE96-125111D5DC49",
                            "timeStartedRecording" : 576862988.03885996,
                            "commandDetailDesc" : "",
                            "localizedResultString" : "",
                            "timeStoppedRecording" : 576862988.04490805,
                            "signature" : "Run test case testFail()",
                            "xcbuildSignature" : "",
                            "suiteName" : "iOSResultBundleAppTests",
                            "wasCancelled" : 0,
                            "subtitle" : "",
                            "sectionType" : 3,
                            "recorder" : "com.apple.dt.IDE.UnitTestLogSection",
                            "text" : "Test Case '-[iOSResultBundleAppTests.iOSResultBundleAppTests testFail]' started.\r\/Users\/rd\/r\/swift-xcresult\/iOSResultBundleApp\/iOSResultBundleAppTests\/iOSResultBundleAppTests.swift:31: error: -[iOSResultBundleAppTests.iOSResultBundleAppTests testFail] : XCTAssertTrue failed\rTest Case '-[iOSResultBundleAppTests.iOSResultBundleAppTests testFail]' failed (0.006 seconds).\r",
                            "isQuiet" : 0
                          },
                          {
                            "testName" : "testPerformanceExample()",
                            "durationString" : "0.351 seconds",
                            "testsPassedString" : "",
                            "location" : {

                            },
                            "title" : "Run test case testPerformanceExample()",
                            "summaryString" : "Test Case '-[iOSResultBundleAppTests.iOSResultBundleAppTests testPerformanceExample]' passed (0.351 seconds).\r",
                            "wasFetchedFromCache" : 0,
                            "messages" : [
                              {
                                "location" : {

                                },
                                "secondaryLocations" : [

                                ],
                                "shortTitle" : "",
                                "submessages" : [

                                ],
                                "timeEmitted" : 576862988,
                                "title" : "Time average: 0.000 seconds, relative standard deviation: 103.0%",
                                "categoryIdent" : "",
                                "type" : "com.apple.dt.unit.cocoaUnitTest",
                                "severity" : 0,
                                "additionalDescription" : "",
                                "rangeInSectionText" : [
                                  -1,
                                  0
                                ]
                              }
                            ],
                            "performanceTestOutputString" : "",
                            "subsections" : [

                            ],
                            "uniqueIdentifier" : "A362531B-F8FC-4847-948D-475BF51CFAAB",
                            "timeStartedRecording" : 576862988.141083,
                            "commandDetailDesc" : "",
                            "localizedResultString" : "",
                            "timeStoppedRecording" : 576862988.39343202,
                            "signature" : "Run test case testPerformanceExample()",
                            "xcbuildSignature" : "",
                            "suiteName" : "iOSResultBundleAppTests",
                            "wasCancelled" : 0,
                            "subtitle" : "",
                            "sectionType" : 3,
                            "recorder" : "com.apple.dt.IDE.UnitTestLogSection",
                            "text" : "Test Case '-[iOSResultBundleAppTests.iOSResultBundleAppTests testPerformanceExample]' started.\r\/Users\/rd\/r\/swift-xcresult\/iOSResultBundleApp\/iOSResultBundleAppTests\/iOSResultBundleAppTests.swift:36: Test Case '-[iOSResultBundleAppTests.iOSResultBundleAppTests testPerformanceExample]' measured [Time, seconds] average: 0.000, relative standard deviation: 103.030%, values: [0.000003, 0.000001, 0.000001, 0.000001, 0.000000, 0.000000, 0.000000, 0.000000, 0.000000, 0.000000], performanceMetricID:com.apple.XCTPerformanceMetric_WallClockTime, baselineName: \"\", baselineAverage: , maxPercentRegression: 10.000%, maxPercentRelativeStandardDeviation: 10.000%, maxRegression: 0.100, maxStandardDeviation: 0.100\rTest Case '-[iOSResultBundleAppTests.iOSResultBundleAppTests testPerformanceExample]' passed (0.351 seconds).\r",
                            "isQuiet" : 0
                          },
                          {
                            "testName" : "testSuccess()",
                            "durationString" : "0.000 seconds",
                            "testsPassedString" : "",
                            "location" : {

                            },
                            "title" : "Run test case testSuccess()",
                            "summaryString" : "Test Case '-[iOSResultBundleAppTests.iOSResultBundleAppTests testSuccess]' passed (0.000 seconds).\r",
                            "wasFetchedFromCache" : 0,
                            "messages" : [

                            ],
                            "performanceTestOutputString" : "",
                            "subsections" : [

                            ],
                            "uniqueIdentifier" : "CF5CF92B-217D-4974-BD40-6E9B8AD5FCCD",
                            "timeStartedRecording" : 576862988.39200699,
                            "commandDetailDesc" : "",
                            "localizedResultString" : "",
                            "timeStoppedRecording" : 576862988.39386702,
                            "signature" : "Run test case testSuccess()",
                            "xcbuildSignature" : "",
                            "suiteName" : "iOSResultBundleAppTests",
                            "wasCancelled" : 0,
                            "subtitle" : "",
                            "sectionType" : 3,
                            "recorder" : "com.apple.dt.IDE.UnitTestLogSection",
                            "text" : "Test Case '-[iOSResultBundleAppTests.iOSResultBundleAppTests testSuccess]' started.\rTest Case '-[iOSResultBundleAppTests.iOSResultBundleAppTests testSuccess]' passed (0.000 seconds).\r",
                            "isQuiet" : 0
                          }
                        ],
                        "uniqueIdentifier" : "A8CEDF61-4AEB-402E-84D4-3C853F1D63CB",
                        "timeStartedRecording" : 576862988.03384101,
                        "commandDetailDesc" : "",
                        "localizedResultString" : "",
                        "timeStoppedRecording" : 576862988.394171,
                        "signature" : "Run test suite iOSResultBundleAppTests",
                        "xcbuildSignature" : "",
                        "suiteName" : "iOSResultBundleAppTests",
                        "wasCancelled" : 0,
                        "subtitle" : "",
                        "sectionType" : 3,
                        "recorder" : "com.apple.dt.IDE.UnitTestLogSection",
                        "text" : "Test Suite 'iOSResultBundleAppTests' started at 2019-04-13 16:43:08.032\rTest Case '-[iOSResultBundleAppTests.iOSResultBundleAppTests testFail]' started.\r\/Users\/rd\/r\/swift-xcresult\/iOSResultBundleApp\/iOSResultBundleAppTests\/iOSResultBundleAppTests.swift:31: error: -[iOSResultBundleAppTests.iOSResultBundleAppTests testFail] : XCTAssertTrue failed\rTest Case '-[iOSResultBundleAppTests.iOSResultBundleAppTests testFail]' failed (0.006 seconds).\rTest Case '-[iOSResultBundleAppTests.iOSResultBundleAppTests testPerformanceExample]' started.\r\/Users\/rd\/r\/swift-xcresult\/iOSResultBundleApp\/iOSResultBundleAppTests\/iOSResultBundleAppTests.swift:36: Test Case '-[iOSResultBundleAppTests.iOSResultBundleAppTests testPerformanceExample]' measured [Time, seconds] average: 0.000, relative standard deviation: 103.030%, values: [0.000003, 0.000001, 0.000001, 0.000001, 0.000000, 0.000000, 0.000000, 0.000000, 0.000000, 0.000000], performanceMetricID:com.apple.XCTPerformanceMetric_WallClockTime, baselineName: \"\", baselineAverage: , maxPercentRegression: 10.000%, maxPercentRelativeStandardDeviation: 10.000%, maxRegression: 0.100, maxStandardDeviation: 0.100\rTest Case '-[iOSResultBundleAppTests.iOSResultBundleAppTests testPerformanceExample]' passed (0.351 seconds).\rTest Case '-[iOSResultBundleAppTests.iOSResultBundleAppTests testSuccess]' started.\rTest Case '-[iOSResultBundleAppTests.iOSResultBundleAppTests testSuccess]' passed (0.000 seconds).\rTest Suite 'iOSResultBundleAppTests' failed at 2019-04-13 16:43:08.390.\r\t Executed 3 tests, with 1 failure (0 unexpected) in 0.357 (0.358) seconds\r",
                        "isQuiet" : 0
                      }
                    ],
                    "uniqueIdentifier" : "4AB6DD06-96E8-49EE-A509-6B38362CA9B1",
                    "timeStartedRecording" : 576862988.03353596,
                    "commandDetailDesc" : "",
                    "localizedResultString" : "",
                    "timeStoppedRecording" : 576862988.39436901,
                    "signature" : "Run test suite iOSResultBundleAppTests.xctest",
                    "xcbuildSignature" : "",
                    "suiteName" : "iOSResultBundleAppTests.xctest",
                    "wasCancelled" : 0,
                    "subtitle" : "",
                    "sectionType" : 3,
                    "recorder" : "com.apple.dt.IDE.UnitTestLogSection",
                    "text" : "Test Suite 'iOSResultBundleAppTests.xctest' started at 2019-04-13 16:43:08.032\rTest Suite 'iOSResultBundleAppTests' started at 2019-04-13 16:43:08.032\rTest Case '-[iOSResultBundleAppTests.iOSResultBundleAppTests testFail]' started.\r\/Users\/rd\/r\/swift-xcresult\/iOSResultBundleApp\/iOSResultBundleAppTests\/iOSResultBundleAppTests.swift:31: error: -[iOSResultBundleAppTests.iOSResultBundleAppTests testFail] : XCTAssertTrue failed\rTest Case '-[iOSResultBundleAppTests.iOSResultBundleAppTests testFail]' failed (0.006 seconds).\rTest Case '-[iOSResultBundleAppTests.iOSResultBundleAppTests testPerformanceExample]' started.\r\/Users\/rd\/r\/swift-xcresult\/iOSResultBundleApp\/iOSResultBundleAppTests\/iOSResultBundleAppTests.swift:36: Test Case '-[iOSResultBundleAppTests.iOSResultBundleAppTests testPerformanceExample]' measured [Time, seconds] average: 0.000, relative standard deviation: 103.030%, values: [0.000003, 0.000001, 0.000001, 0.000001, 0.000000, 0.000000, 0.000000, 0.000000, 0.000000, 0.000000], performanceMetricID:com.apple.XCTPerformanceMetric_WallClockTime, baselineName: \"\", baselineAverage: , maxPercentRegression: 10.000%, maxPercentRelativeStandardDeviation: 10.000%, maxRegression: 0.100, maxStandardDeviation: 0.100\rTest Case '-[iOSResultBundleAppTests.iOSResultBundleAppTests testPerformanceExample]' passed (0.351 seconds).\rTest Case '-[iOSResultBundleAppTests.iOSResultBundleAppTests testSuccess]' started.\rTest Case '-[iOSResultBundleAppTests.iOSResultBundleAppTests testSuccess]' passed (0.000 seconds).\rTest Suite 'iOSResultBundleAppTests' failed at 2019-04-13 16:43:08.390.\r\t Executed 3 tests, with 1 failure (0 unexpected) in 0.357 (0.358) seconds\rTest Suite 'iOSResultBundleAppTests.xctest' failed at 2019-04-13 16:43:08.391.\r\t Executed 3 tests, with 1 failure (0 unexpected) in 0.357 (0.359) seconds\r",
                    "isQuiet" : 0
                  }
                ],
                "uniqueIdentifier" : "96091817-7028-4C92-887D-29FE5310C396",
                "timeStartedRecording" : 576862988.03285897,
                "commandDetailDesc" : "",
                "localizedResultString" : "",
                "timeStoppedRecording" : 576862988.49564505,
                "signature" : "Run test suite All tests",
                "xcbuildSignature" : "",
                "suiteName" : "All tests",
                "wasCancelled" : 0,
                "subtitle" : "",
                "sectionType" : 3,
                "recorder" : "com.apple.dt.IDE.UnitTestLogSection",
                "text" : "Test Suite 'All tests' started at 2019-04-13 16:43:08.031\rTest Suite 'iOSResultBundleAppTests.xctest' started at 2019-04-13 16:43:08.032\rTest Suite 'iOSResultBundleAppTests' started at 2019-04-13 16:43:08.032\rTest Case '-[iOSResultBundleAppTests.iOSResultBundleAppTests testFail]' started.\r\/Users\/rd\/r\/swift-xcresult\/iOSResultBundleApp\/iOSResultBundleAppTests\/iOSResultBundleAppTests.swift:31: error: -[iOSResultBundleAppTests.iOSResultBundleAppTests testFail] : XCTAssertTrue failed\rTest Case '-[iOSResultBundleAppTests.iOSResultBundleAppTests testFail]' failed (0.006 seconds).\rTest Case '-[iOSResultBundleAppTests.iOSResultBundleAppTests testPerformanceExample]' started.\r\/Users\/rd\/r\/swift-xcresult\/iOSResultBundleApp\/iOSResultBundleAppTests\/iOSResultBundleAppTests.swift:36: Test Case '-[iOSResultBundleAppTests.iOSResultBundleAppTests testPerformanceExample]' measured [Time, seconds] average: 0.000, relative standard deviation: 103.030%, values: [0.000003, 0.000001, 0.000001, 0.000001, 0.000000, 0.000000, 0.000000, 0.000000, 0.000000, 0.000000], performanceMetricID:com.apple.XCTPerformanceMetric_WallClockTime, baselineName: \"\", baselineAverage: , maxPercentRegression: 10.000%, maxPercentRelativeStandardDeviation: 10.000%, maxRegression: 0.100, maxStandardDeviation: 0.100\rTest Case '-[iOSResultBundleAppTests.iOSResultBundleAppTests testPerformanceExample]' passed (0.351 seconds).\rTest Case '-[iOSResultBundleAppTests.iOSResultBundleAppTests testSuccess]' started.\rTest Case '-[iOSResultBundleAppTests.iOSResultBundleAppTests testSuccess]' passed (0.000 seconds).\rTest Suite 'iOSResultBundleAppTests' failed at 2019-04-13 16:43:08.390.\r\t Executed 3 tests, with 1 failure (0 unexpected) in 0.357 (0.358) seconds\rTest Suite 'iOSResultBundleAppTests.xctest' failed at 2019-04-13 16:43:08.391.\r\t Executed 3 tests, with 1 failure (0 unexpected) in 0.357 (0.359) seconds\rTest Suite 'All tests' failed at 2019-04-13 16:43:08.391.\r\t Executed 3 tests, with 1 failure (0 unexpected) in 0.357 (0.360) seconds\r",
                "isQuiet" : 0
              }
            ],
            "uniqueIdentifier" : "5A51B428-BE36-4785-837A-C2A822A09EE4",
            "timeStartedRecording" : 576862975.93501496,
            "commandDetailDesc" : "",
            "localizedResultString" : "",
            "timeStoppedRecording" : 576862988.67199397,
            "signature" : "",
            "xcbuildSignature" : "",
            "suiteName" : "",
            "wasCancelled" : 0,
            "subtitle" : "",
            "sectionType" : 3,
            "recorder" : "com.apple.dt.IDE.UnitTestLogSection.Worker",
            "text" : "Test Suite 'All tests' started at 2019-04-13 16:43:08.031\rTest Suite 'iOSResultBundleAppTests.xctest' started at 2019-04-13 16:43:08.032\rTest Suite 'iOSResultBundleAppTests' started at 2019-04-13 16:43:08.032\rTest Case '-[iOSResultBundleAppTests.iOSResultBundleAppTests testFail]' started.\r\/Users\/rd\/r\/swift-xcresult\/iOSResultBundleApp\/iOSResultBundleAppTests\/iOSResultBundleAppTests.swift:31: error: -[iOSResultBundleAppTests.iOSResultBundleAppTests testFail] : XCTAssertTrue failed\rTest Case '-[iOSResultBundleAppTests.iOSResultBundleAppTests testFail]' failed (0.006 seconds).\rTest Case '-[iOSResultBundleAppTests.iOSResultBundleAppTests testPerformanceExample]' started.\r\/Users\/rd\/r\/swift-xcresult\/iOSResultBundleApp\/iOSResultBundleAppTests\/iOSResultBundleAppTests.swift:36: Test Case '-[iOSResultBundleAppTests.iOSResultBundleAppTests testPerformanceExample]' measured [Time, seconds] average: 0.000, relative standard deviation: 103.030%, values: [0.000003, 0.000001, 0.000001, 0.000001, 0.000000, 0.000000, 0.000000, 0.000000, 0.000000, 0.000000], performanceMetricID:com.apple.XCTPerformanceMetric_WallClockTime, baselineName: \"\", baselineAverage: , maxPercentRegression: 10.000%, maxPercentRelativeStandardDeviation: 10.000%, maxRegression: 0.100, maxStandardDeviation: 0.100\rTest Case '-[iOSResultBundleAppTests.iOSResultBundleAppTests testPerformanceExample]' passed (0.351 seconds).\rTest Case '-[iOSResultBundleAppTests.iOSResultBundleAppTests testSuccess]' started.\rTest Case '-[iOSResultBundleAppTests.iOSResultBundleAppTests testSuccess]' passed (0.000 seconds).\rTest Suite 'iOSResultBundleAppTests' failed at 2019-04-13 16:43:08.390.\r\t Executed 3 tests, with 1 failure (0 unexpected) in 0.357 (0.358) seconds\rTest Suite 'iOSResultBundleAppTests.xctest' failed at 2019-04-13 16:43:08.391.\r\t Executed 3 tests, with 1 failure (0 unexpected) in 0.357 (0.359) seconds\rTest Suite 'All tests' failed at 2019-04-13 16:43:08.391.\r\t Executed 3 tests, with 1 failure (0 unexpected) in 0.357 (0.360) seconds\r",
            "isQuiet" : 0
          }
        ],
        "uniqueIdentifier" : "ECCB90CE-C807-4B2C-B8D3-F4E98A6FA154",
        "timeStartedRecording" : 576862975.93482697,
        "commandDetailDesc" : "",
        "localizedResultString" : "",
        "timeStoppedRecording" : 576862988.67209899,
        "signature" : "Test target iOSResultBundleAppTests",
        "xcbuildSignature" : "",
        "suiteName" : "",
        "wasCancelled" : 0,
        "subtitle" : "Destination iPhone XÊ€",
        "sectionType" : 1,
        "recorder" : "com.apple.dt.unit.cocoaUnitTest",
        "text" : "",
        "isQuiet" : 0
      },
      {
        "testName" : "",
        "durationString" : "",
        "testsPassedString" : "",
        "location" : {

        },
        "title" : "Test target iOSResultBundleAppUITests",
        "summaryString" : "",
        "wasFetchedFromCache" : 0,
        "messages" : [

        ],
        "performanceTestOutputString" : "",
        "subsections" : [
          {
            "testName" : "",
            "durationString" : "9.427 seconds",
            "testsPassedString" : "1 out of 2 tests passed",
            "location" : {

            },
            "title" : "iOSResultBundleAppUITests-Runner.app (1638)",
            "summaryString" : "",
            "wasFetchedFromCache" : 0,
            "messages" : [

            ],
            "performanceTestOutputString" : "",
            "subsections" : [
              {
                "testName" : "",
                "durationString" : "",
                "testsPassedString" : "",
                "location" : {

                },
                "title" : "com.apple.dt.XCTest.Metadata",
                "summaryString" : "",
                "wasFetchedFromCache" : 0,
                "messages" : [
                  {
                    "location" : {

                    },
                    "secondaryLocations" : [

                    ],
                    "shortTitle" : "",
                    "submessages" : [

                    ],
                    "timeEmitted" : 576862988,
                    "title" : "\/Users\/rd\/Library\/Developer\/Xcode\/DerivedData\/iOSResultBundleApp-avrbejipqyqxzwdnyivtxkfpzkgf\/Build\/Products\/Debug-iphonesimulator\/iOSResultBundleAppUITests-Runner.app",
                    "categoryIdent" : "",
                    "type" : "com.apple.dt.IDE.UnitTestLogSection.Worker.RunnablePath",
                    "severity" : 0,
                    "additionalDescription" : "",
                    "rangeInSectionText" : [
                      -1,
                      0
                    ]
                  },
                  {
                    "location" : {

                    },
                    "secondaryLocations" : [

                    ],
                    "shortTitle" : "",
                    "submessages" : [

                    ],
                    "timeEmitted" : 576862988,
                    "title" : "com.apple.application-bundle",
                    "categoryIdent" : "",
                    "type" : "com.apple.dt.IDE.UnitTestLogSection.Worker.RunnableUTI",
                    "severity" : 0,
                    "additionalDescription" : "",
                    "rangeInSectionText" : [
                      -1,
                      0
                    ]
                  }
                ],
                "performanceTestOutputString" : "",
                "subsections" : [

                ],
                "uniqueIdentifier" : "A606E85C-FB78-4A6C-B1B7-2726BBDFDF90",
                "timeStartedRecording" : 576862988.68152499,
                "commandDetailDesc" : "",
                "localizedResultString" : "",
                "timeStoppedRecording" : 576862988.68203902,
                "signature" : "com.apple.dt.XCTest.Metadata",
                "xcbuildSignature" : "",
                "suiteName" : "",
                "wasCancelled" : 0,
                "subtitle" : "",
                "sectionType" : 3,
                "recorder" : "com.apple.dt.IDE.UnitTestLogSection",
                "text" : "",
                "isQuiet" : 1
              },
              {
                "sectionType" : 2,
                "timeStartedRecording" : 576862988.68155503,
                "subtitle" : "",
                "timeStoppedRecording" : 576862988.68218994,
                "messages" : [
                  {
                    "location" : {
                      "startingColumnNumber" : -1,
                      "endingColumnNumber" : -1,
                      "documentURLString" : "file:\/\/\/Users\/rd\/Library\/Developer\/Xcode\/DerivedData\/SWXCResult-apuazgjgbifzbjbkyxuybgjqduvu\/Build\/Products\/Debug\/CleanAnalyzeTest.result\/3_Test\/Diagnostics\/iOSResultBundleAppUITests-32A1C6E2-34DD-486C-926D-F68A4CCCB5D7\/iOSResultBundleAppUITests-A618C95B-D4D5-4715-8E9E-2E770F075005\/Session-iOSResultBundleAppUITests-2019-04-13_164308-oYX5b3.log",
                      "characterRange" : [
                        -1,
                        0
                      ],
                      "endingLineNumber" : -1,
                      "timestamp" : 0,
                      "startingLineNumber" : -1,
                      "locationEncoding" : 0
                    },
                    "secondaryLocations" : [

                    ],
                    "shortTitle" : "",
                    "submessages" : [

                    ],
                    "timeEmitted" : 576862988,
                    "title" : "\/Users\/rd\/Library\/Developer\/Xcode\/DerivedData\/SWXCResult-apuazgjgbifzbjbkyxuybgjqduvu\/Build\/Products\/Debug\/CleanAnalyzeTest.result\/3_Test\/Diagnostics\/iOSResultBundleAppUITests-32A1C6E2-34DD-486C-926D-F68A4CCCB5D7\/iOSResultBundleAppUITests-A618C95B-D4D5-4715-8E9E-2E770F075005\/Session-iOSResultBundleAppUITests-2019-04-13_164308-oYX5b3.log",
                    "categoryIdent" : "",
                    "type" : "com.apple.dt.unit.cocoaUnitTest",
                    "severity" : 0,
                    "additionalDescription" : "",
                    "rangeInSectionText" : [
                      -1,
                      0
                    ]
                  }
                ],
                "wasFetchedFromCache" : 0,
                "title" : "Writing diagnostic log for test session. Please attach this log to any test-related bug reports.",
                "isQuiet" : 0,
                "signature" : "Writing diagnostic log for test session. Please attach this log to any test-related bug reports.",
                "recorder" : "com.apple.dt.IDE.UnitTestLogSection",
                "text" : "",
                "location" : {

                },
                "commandDetailDesc" : "\/Users\/rd\/Library\/Developer\/Xcode\/DerivedData\/SWXCResult-apuazgjgbifzbjbkyxuybgjqduvu\/Build\/Products\/Debug\/CleanAnalyzeTest.result\/3_Test\/Diagnostics\/iOSResultBundleAppUITests-32A1C6E2-34DD-486C-926D-F68A4CCCB5D7\/iOSResultBundleAppUITests-A618C95B-D4D5-4715-8E9E-2E770F075005\/Session-iOSResultBundleAppUITests-2019-04-13_164308-oYX5b3.log",
                "uniqueIdentifier" : "B5B3C86B-81F9-4838-A825-DFD095021EFA",
                "localizedResultString" : "",
                "wasCancelled" : 0,
                "subsections" : [

                ],
                "xcbuildSignature" : ""
              },
              {
                "testName" : "",
                "durationString" : "9.427 seconds",
                "testsPassedString" : "1 out of 2 tests passed",
                "location" : {

                },
                "title" : "Run test suite All tests",
                "summaryString" : "Test Suite 'All tests' failed at 2019-04-13 16:43:21.986.\r\t Executed 2 tests, with 1 failure (0 unexpected) in 9.427 (9.431) seconds\r",
                "wasFetchedFromCache" : 0,
                "messages" : [

                ],
                "performanceTestOutputString" : "",
                "subsections" : [
                  {
                    "testName" : "",
                    "durationString" : "9.427 seconds",
                    "testsPassedString" : "1 out of 2 tests passed",
                    "location" : {

                    },
                    "title" : "Run test suite iOSResultBundleAppUITests.xctest",
                    "summaryString" : "Test Suite 'iOSResultBundleAppUITests.xctest' failed at 2019-04-13 16:43:21.985.\r\t Executed 2 tests, with 1 failure (0 unexpected) in 9.427 (9.430) seconds\r",
                    "wasFetchedFromCache" : 0,
                    "messages" : [

                    ],
                    "performanceTestOutputString" : "",
                    "subsections" : [
                      {
                        "testName" : "",
                        "durationString" : "9.427 seconds",
                        "testsPassedString" : "1 out of 2 tests passed",
                        "location" : {

                        },
                        "title" : "Run test suite iOSResultBundleAppUITests",
                        "summaryString" : "Test Suite 'iOSResultBundleAppUITests' failed at 2019-04-13 16:43:21.984.\r\t Executed 2 tests, with 1 failure (0 unexpected) in 9.427 (9.429) seconds\r",
                        "wasFetchedFromCache" : 0,
                        "messages" : [

                        ],
                        "performanceTestOutputString" : "",
                        "subsections" : [
                          {
                            "testName" : "testFail()",
                            "durationString" : "4.246 seconds",
                            "testsPassedString" : "",
                            "location" : {

                            },
                            "title" : "Run test case testFail()",
                            "summaryString" : "    t =     4.22s Assertion Failure: iOSResultBundleAppUITests.swift:38: failed - fail\r    t =     4.24s Tear Down\rTest Case '-[iOSResultBundleAppUITests.iOSResultBundleAppUITests testFail]' failed (4.246 seconds).\r",
                            "wasFetchedFromCache" : 0,
                            "messages" : [
                              {
                                "location" : {
                                  "startingColumnNumber" : -1,
                                  "endingColumnNumber" : -1,
                                  "documentURLString" : "file:\/\/\/Users\/rd\/r\/swift-xcresult\/iOSResultBundleApp\/iOSResultBundleAppUITests\/iOSResultBundleAppUITests.swift",
                                  "characterRange" : [
                                    -1,
                                    0
                                  ],
                                  "endingLineNumber" : 37,
                                  "timestamp" : 0,
                                  "startingLineNumber" : 37,
                                  "locationEncoding" : 0
                                },
                                "secondaryLocations" : [

                                ],
                                "shortTitle" : "",
                                "submessages" : [

                                ],
                                "timeEmitted" : 576862996,
                                "title" : "failed - fail",
                                "categoryIdent" : "",
                                "type" : "",
                                "severity" : 3,
                                "additionalDescription" : "",
                                "rangeInSectionText" : [
                                  -1,
                                  0
                                ]
                              }
                            ],
                            "performanceTestOutputString" : "",
                            "subsections" : [

                            ],
                            "uniqueIdentifier" : "329A7098-DCD4-411C-AAF7-D8D726C6F566",
                            "timeStartedRecording" : 576862992.55691695,
                            "commandDetailDesc" : "",
                            "localizedResultString" : "",
                            "timeStoppedRecording" : 576862996.80438805,
                            "signature" : "Run test case testFail()",
                            "xcbuildSignature" : "",
                            "suiteName" : "iOSResultBundleAppUITests",
                            "wasCancelled" : 0,
                            "subtitle" : "",
                            "sectionType" : 3,
                            "recorder" : "com.apple.dt.IDE.UnitTestLogSection",
                            "text" : "Test Case '-[iOSResultBundleAppUITests.iOSResultBundleAppUITests testFail]' started.\r    t =     0.00s Start Test at 2019-04-13 16:43:12.556\r    t =     0.06s Set Up\r    t =     0.06s     Open dev.roman.iOSResultBundleApp\r    t =     0.09s         Launch dev.roman.iOSResultBundleApp\r    t =     2.85s             Wait for dev.roman.iOSResultBundleApp to idle\r    t =     4.22s Assertion Failure: iOSResultBundleAppUITests.swift:38: failed - fail\r    t =     4.24s Tear Down\rTest Case '-[iOSResultBundleAppUITests.iOSResultBundleAppUITests testFail]' failed (4.246 seconds).\r",
                            "isQuiet" : 0
                          },
                          {
                            "testName" : "testSuccess()",
                            "durationString" : "5.181 seconds",
                            "testsPassedString" : "",
                            "location" : {

                            },
                            "title" : "Run test case testSuccess()",
                            "summaryString" : "    t =     0.00s Start Test at 2019-04-13 16:43:16.803\r    t =     0.02s Set Up\r    t =     0.02s     Open dev.roman.iOSResultBundleApp\r    t =     0.04s         Launch dev.roman.iOSResultBundleApp\r    t =     0.04s             Terminate dev.roman.iOSResultBundleApp:1644\r    t =     3.61s             Wait for dev.roman.iOSResultBundleApp to idle\r    t =     4.98s Tear Down\rTest Case '-[iOSResultBundleAppUITests.iOSResultBundleAppUITests testSuccess]' passed (5.181 seconds).\r",
                            "wasFetchedFromCache" : 0,
                            "messages" : [

                            ],
                            "performanceTestOutputString" : "",
                            "subsections" : [

                            ],
                            "uniqueIdentifier" : "2F0FD981-439C-4F68-8CF6-41FEC64F60D8",
                            "timeStartedRecording" : 576862996.803895,
                            "commandDetailDesc" : "",
                            "localizedResultString" : "",
                            "timeStoppedRecording" : 576863001.99003303,
                            "signature" : "Run test case testSuccess()",
                            "xcbuildSignature" : "",
                            "suiteName" : "iOSResultBundleAppUITests",
                            "wasCancelled" : 0,
                            "subtitle" : "",
                            "sectionType" : 3,
                            "recorder" : "com.apple.dt.IDE.UnitTestLogSection",
                            "text" : "Test Case '-[iOSResultBundleAppUITests.iOSResultBundleAppUITests testSuccess]' started.\r    t =     0.00s Start Test at 2019-04-13 16:43:16.803\r    t =     0.02s Set Up\r    t =     0.02s     Open dev.roman.iOSResultBundleApp\r    t =     0.04s         Launch dev.roman.iOSResultBundleApp\r    t =     0.04s             Terminate dev.roman.iOSResultBundleApp:1644\r    t =     3.61s             Wait for dev.roman.iOSResultBundleApp to idle\r    t =     4.98s Tear Down\rTest Case '-[iOSResultBundleAppUITests.iOSResultBundleAppUITests testSuccess]' passed (5.181 seconds).\r",
                            "isQuiet" : 0
                          }
                        ],
                        "uniqueIdentifier" : "77A0A098-BEAB-49D9-B0D2-DF04A155EAD4",
                        "timeStartedRecording" : 576862992.55624199,
                        "commandDetailDesc" : "",
                        "localizedResultString" : "",
                        "timeStoppedRecording" : 576863001.99079704,
                        "signature" : "Run test suite iOSResultBundleAppUITests",
                        "xcbuildSignature" : "",
                        "suiteName" : "iOSResultBundleAppUITests",
                        "wasCancelled" : 0,
                        "subtitle" : "",
                        "sectionType" : 3,
                        "recorder" : "com.apple.dt.IDE.UnitTestLogSection",
                        "text" : "Test Suite 'iOSResultBundleAppUITests' started at 2019-04-13 16:43:12.555\rTest Case '-[iOSResultBundleAppUITests.iOSResultBundleAppUITests testFail]' started.\r    t =     0.00s Start Test at 2019-04-13 16:43:12.556\r    t =     0.06s Set Up\r    t =     0.06s     Open dev.roman.iOSResultBundleApp\r    t =     0.09s         Launch dev.roman.iOSResultBundleApp\r    t =     2.85s             Wait for dev.roman.iOSResultBundleApp to idle\r    t =     4.22s Assertion Failure: iOSResultBundleAppUITests.swift:38: failed - fail\r    t =     4.24s Tear Down\rTest Case '-[iOSResultBundleAppUITests.iOSResultBundleAppUITests testFail]' failed (4.246 seconds).\rTest Case '-[iOSResultBundleAppUITests.iOSResultBundleAppUITests testSuccess]' started.\r    t =     0.00s Start Test at 2019-04-13 16:43:16.803\r    t =     0.02s Set Up\r    t =     0.02s     Open dev.roman.iOSResultBundleApp\r    t =     0.04s         Launch dev.roman.iOSResultBundleApp\r    t =     0.04s             Terminate dev.roman.iOSResultBundleApp:1644\r    t =     3.61s             Wait for dev.roman.iOSResultBundleApp to idle\r    t =     4.98s Tear Down\rTest Case '-[iOSResultBundleAppUITests.iOSResultBundleAppUITests testSuccess]' passed (5.181 seconds).\rTest Suite 'iOSResultBundleAppUITests' failed at 2019-04-13 16:43:21.984.\r\t Executed 2 tests, with 1 failure (0 unexpected) in 9.427 (9.429) seconds\r",
                        "isQuiet" : 0
                      }
                    ],
                    "uniqueIdentifier" : "E9AEE5C8-934B-4FD3-BDC9-6D66080B3809",
                    "timeStartedRecording" : 576862992.55594802,
                    "commandDetailDesc" : "",
                    "localizedResultString" : "",
                    "timeStoppedRecording" : 576863001.99126601,
                    "signature" : "Run test suite iOSResultBundleAppUITests.xctest",
                    "xcbuildSignature" : "",
                    "suiteName" : "iOSResultBundleAppUITests.xctest",
                    "wasCancelled" : 0,
                    "subtitle" : "",
                    "sectionType" : 3,
                    "recorder" : "com.apple.dt.IDE.UnitTestLogSection",
                    "text" : "Test Suite 'iOSResultBundleAppUITests.xctest' started at 2019-04-13 16:43:12.555\rTest Suite 'iOSResultBundleAppUITests' started at 2019-04-13 16:43:12.555\rTest Case '-[iOSResultBundleAppUITests.iOSResultBundleAppUITests testFail]' started.\r    t =     0.00s Start Test at 2019-04-13 16:43:12.556\r    t =     0.06s Set Up\r    t =     0.06s     Open dev.roman.iOSResultBundleApp\r    t =     0.09s         Launch dev.roman.iOSResultBundleApp\r    t =     2.85s             Wait for dev.roman.iOSResultBundleApp to idle\r    t =     4.22s Assertion Failure: iOSResultBundleAppUITests.swift:38: failed - fail\r    t =     4.24s Tear Down\rTest Case '-[iOSResultBundleAppUITests.iOSResultBundleAppUITests testFail]' failed (4.246 seconds).\rTest Case '-[iOSResultBundleAppUITests.iOSResultBundleAppUITests testSuccess]' started.\r    t =     0.00s Start Test at 2019-04-13 16:43:16.803\r    t =     0.02s Set Up\r    t =     0.02s     Open dev.roman.iOSResultBundleApp\r    t =     0.04s         Launch dev.roman.iOSResultBundleApp\r    t =     0.04s             Terminate dev.roman.iOSResultBundleApp:1644\r    t =     3.61s             Wait for dev.roman.iOSResultBundleApp to idle\r    t =     4.98s Tear Down\rTest Case '-[iOSResultBundleAppUITests.iOSResultBundleAppUITests testSuccess]' passed (5.181 seconds).\rTest Suite 'iOSResultBundleAppUITests' failed at 2019-04-13 16:43:21.984.\r\t Executed 2 tests, with 1 failure (0 unexpected) in 9.427 (9.429) seconds\rTest Suite 'iOSResultBundleAppUITests.xctest' failed at 2019-04-13 16:43:21.985.\r\t Executed 2 tests, with 1 failure (0 unexpected) in 9.427 (9.430) seconds\r",
                    "isQuiet" : 0
                  }
                ],
                "uniqueIdentifier" : "7ADFB213-F687-41C4-A6CB-EA6CB80252B3",
                "timeStartedRecording" : 576862992.55557895,
                "commandDetailDesc" : "",
                "localizedResultString" : "",
                "timeStoppedRecording" : 576863002.09177005,
                "signature" : "Run test suite All tests",
                "xcbuildSignature" : "",
                "suiteName" : "All tests",
                "wasCancelled" : 0,
                "subtitle" : "",
                "sectionType" : 3,
                "recorder" : "com.apple.dt.IDE.UnitTestLogSection",
                "text" : "2019-04-13 16:43:11.515407+0100 iOSResultBundleAppUITests-Runner[1638:13350] Running tests...\r2019-04-13 16:43:11.689871+0100 iOSResultBundleAppUITests-Runner[1638:13350] [AXMediaCommon] Unable to look up screen scale\r2019-04-13 16:43:11.689957+0100 iOSResultBundleAppUITests-Runner[1638:13350] [AXMediaCommon] Unexpected physical screen orientation\r2019-04-13 16:43:11.706432+0100 iOSResultBundleAppUITests-Runner[1638:13350] [AXMediaCommon] Unable to look up screen scale\r2019-04-13 16:43:11.710015+0100 iOSResultBundleAppUITests-Runner[1638:13350] [AXMediaCommon] Unable to look up screen scale\r2019-04-13 16:43:11.710103+0100 iOSResultBundleAppUITests-Runner[1638:13350] [AXMediaCommon] Unexpected physical screen orientation\rTest Suite 'All tests' started at 2019-04-13 16:43:12.554\rTest Suite 'iOSResultBundleAppUITests.xctest' started at 2019-04-13 16:43:12.555\rTest Suite 'iOSResultBundleAppUITests' started at 2019-04-13 16:43:12.555\rTest Case '-[iOSResultBundleAppUITests.iOSResultBundleAppUITests testFail]' started.\r    t =     0.00s Start Test at 2019-04-13 16:43:12.556\r    t =     0.06s Set Up\r    t =     0.06s     Open dev.roman.iOSResultBundleApp\r    t =     0.09s         Launch dev.roman.iOSResultBundleApp\r    t =     2.85s             Wait for dev.roman.iOSResultBundleApp to idle\r    t =     4.22s Assertion Failure: iOSResultBundleAppUITests.swift:38: failed - fail\r    t =     4.24s Tear Down\rTest Case '-[iOSResultBundleAppUITests.iOSResultBundleAppUITests testFail]' failed (4.246 seconds).\rTest Case '-[iOSResultBundleAppUITests.iOSResultBundleAppUITests testSuccess]' started.\r    t =     0.00s Start Test at 2019-04-13 16:43:16.803\r    t =     0.02s Set Up\r    t =     0.02s     Open dev.roman.iOSResultBundleApp\r    t =     0.04s         Launch dev.roman.iOSResultBundleApp\r    t =     0.04s             Terminate dev.roman.iOSResultBundleApp:1644\r    t =     3.61s             Wait for dev.roman.iOSResultBundleApp to idle\r    t =     4.98s Tear Down\rTest Case '-[iOSResultBundleAppUITests.iOSResultBundleAppUITests testSuccess]' passed (5.181 seconds).\rTest Suite 'iOSResultBundleAppUITests' failed at 2019-04-13 16:43:21.984.\r\t Executed 2 tests, with 1 failure (0 unexpected) in 9.427 (9.429) seconds\rTest Suite 'iOSResultBundleAppUITests.xctest' failed at 2019-04-13 16:43:21.985.\r\t Executed 2 tests, with 1 failure (0 unexpected) in 9.427 (9.430) seconds\rTest Suite 'All tests' failed at 2019-04-13 16:43:21.986.\r\t Executed 2 tests, with 1 failure (0 unexpected) in 9.427 (9.431) seconds\r",
                "isQuiet" : 0
              }
            ],
            "uniqueIdentifier" : "C4766F4F-3DC1-4F70-9A49-5F8F149E7AC3",
            "timeStartedRecording" : 576862988.68151295,
            "commandDetailDesc" : "",
            "localizedResultString" : "",
            "timeStoppedRecording" : 576863002.26200795,
            "signature" : "",
            "xcbuildSignature" : "",
            "suiteName" : "",
            "wasCancelled" : 0,
            "subtitle" : "",
            "sectionType" : 3,
            "recorder" : "com.apple.dt.IDE.UnitTestLogSection.Worker",
            "text" : "2019-04-13 16:43:11.515407+0100 iOSResultBundleAppUITests-Runner[1638:13350] Running tests...\r2019-04-13 16:43:11.689871+0100 iOSResultBundleAppUITests-Runner[1638:13350] [AXMediaCommon] Unable to look up screen scale\r2019-04-13 16:43:11.689957+0100 iOSResultBundleAppUITests-Runner[1638:13350] [AXMediaCommon] Unexpected physical screen orientation\r2019-04-13 16:43:11.706432+0100 iOSResultBundleAppUITests-Runner[1638:13350] [AXMediaCommon] Unable to look up screen scale\r2019-04-13 16:43:11.710015+0100 iOSResultBundleAppUITests-Runner[1638:13350] [AXMediaCommon] Unable to look up screen scale\r2019-04-13 16:43:11.710103+0100 iOSResultBundleAppUITests-Runner[1638:13350] [AXMediaCommon] Unexpected physical screen orientation\rTest Suite 'All tests' started at 2019-04-13 16:43:12.554\rTest Suite 'iOSResultBundleAppUITests.xctest' started at 2019-04-13 16:43:12.555\rTest Suite 'iOSResultBundleAppUITests' started at 2019-04-13 16:43:12.555\rTest Case '-[iOSResultBundleAppUITests.iOSResultBundleAppUITests testFail]' started.\r    t =     0.00s Start Test at 2019-04-13 16:43:12.556\r    t =     0.06s Set Up\r    t =     0.06s     Open dev.roman.iOSResultBundleApp\r    t =     0.09s         Launch dev.roman.iOSResultBundleApp\r    t =     2.85s             Wait for dev.roman.iOSResultBundleApp to idle\r    t =     4.22s Assertion Failure: iOSResultBundleAppUITests.swift:38: failed - fail\r    t =     4.24s Tear Down\rTest Case '-[iOSResultBundleAppUITests.iOSResultBundleAppUITests testFail]' failed (4.246 seconds).\rTest Case '-[iOSResultBundleAppUITests.iOSResultBundleAppUITests testSuccess]' started.\r    t =     0.00s Start Test at 2019-04-13 16:43:16.803\r    t =     0.02s Set Up\r    t =     0.02s     Open dev.roman.iOSResultBundleApp\r    t =     0.04s         Launch dev.roman.iOSResultBundleApp\r    t =     0.04s             Terminate dev.roman.iOSResultBundleApp:1644\r    t =     3.61s             Wait for dev.roman.iOSResultBundleApp to idle\r    t =     4.98s Tear Down\rTest Case '-[iOSResultBundleAppUITests.iOSResultBundleAppUITests testSuccess]' passed (5.181 seconds).\rTest Suite 'iOSResultBundleAppUITests' failed at 2019-04-13 16:43:21.984.\r\t Executed 2 tests, with 1 failure (0 unexpected) in 9.427 (9.429) seconds\rTest Suite 'iOSResultBundleAppUITests.xctest' failed at 2019-04-13 16:43:21.985.\r\t Executed 2 tests, with 1 failure (0 unexpected) in 9.427 (9.430) seconds\rTest Suite 'All tests' failed at 2019-04-13 16:43:21.986.\r\t Executed 2 tests, with 1 failure (0 unexpected) in 9.427 (9.431) seconds\r",
            "isQuiet" : 0
          }
        ],
        "uniqueIdentifier" : "6CE70E25-BE63-40BB-B2EB-91003B0EAC98",
        "timeStartedRecording" : 576862988.68142498,
        "commandDetailDesc" : "",
        "localizedResultString" : "",
        "timeStoppedRecording" : 576863002.26211596,
        "signature" : "Test target iOSResultBundleAppUITests",
        "xcbuildSignature" : "",
        "suiteName" : "",
        "wasCancelled" : 0,
        "subtitle" : "Destination iPhone XÊ€",
        "sectionType" : 1,
        "recorder" : "com.apple.dt.unit.cocoaUnitTest",
        "text" : "",
        "isQuiet" : 0
      }
    ],
    "xcbuildSignature" : ""
  }
}